Removed Pin From Net: NetName=9V Pin=D1-1
Added Component: Designator=JP2(CON2)
Add component. Clean all parameters for all variants
Add component (AddParameter): Name = "Value"; Value = "Connector 2"; VariantName = "[No Variations]"
Added Pin To Net: NetName=9V Pin=JP2-1
Added Pin To Net: NetName=NetD1_1 Pin=D1-1
Added Pin To Net: NetName=NetD1_1 Pin=JP2-2
Added Net: Name=NetD1_1
Added Member To Class: ClassName=schematic Member=Component C3 104
Added Member To Class: ClassName=schematic Member=Component C4 104
Added Member To Class: ClassName=schematic Member=Component C5 JP2
Added Member To Class: ClassName=schematic Member=Component D2 9V
Added Member To Class: ClassName=schematic Member=Component IC2 ADC0804
Added Member To Class: ClassName=schematic Member=Component JP2
Added Member To Class: ClassName=schematic Member=Component LED2 LED
Added Member To Class: ClassName=schematic Member=Component R4 1k
Added Member To Class: ClassName=schematic Member=Component R13 100k
Added Member To Class: ClassName=schematic Member=Component R19 1k
Added Member To Class: ClassName=schematic Member=Component R20 1k
Added Member To Class: ClassName=schematic Member=Component U2 LF347
Added Room: Name=schematic
