C51 COMPILER V9.60.0.0   ADC0804                                                           06/16/2021 17:33:04 PAGE 1   


C51 COMPILER V9.60.0.0, COMPILATION OF MODULE ADC0804
OBJECT MODULE PLACED IN .\Objects\ADC0804.obj
COMPILER INVOKED BY: D:\Keil_v5\C51\BIN\C51.EXE ADC0804.c OPTIMIZE(8,SPEED) BROWSE DEBUG OBJECTEXTEND PRINT(.\Listings\A
                    -DC0804.lst) TABS(2) OBJECT(.\Objects\ADC0804.obj)

line level    source

   1          #include "ADC0804.h"
   2          
   3          
   4          unsigned char ADC0804_Read(void)
   5          {
   6   1        unsigned char result;
   7   1        
   8   1        ADC0804_CS = 0;
   9   1        
  10   1        ADC0804_WR = 0;
  11   1        ADC0804_WR = 1;
  12   1        
  13   1        while(ADC0804_INTR);
  14   1        
  15   1        ADC0804_RD = 0;
  16   1        result = ADC0804_Data;
  17   1        ADC0804_RD = 1;
  18   1        
  19   1        
  20   1        return result;
  21   1      }
  22          
  23          
  24          float Cal_Temp(unsigned int ADC_Value)
  25          {
  26   1        float Temperature = 0.0;
  27   1        unsigned int frac = 0;
  28   1        unsigned int temp = 0;
  29   1        
  30   1        if (ADC_Value < 29)
  31   1          Temperature = (ADC_Value - 11) / 1.86982;
  32   1        else if ((ADC_Value >= 30) && (ADC_Value < 52))
  33   1          Temperature = (ADC_Value - 30) / 2.24137 + 10;
  34   1        else if ((ADC_Value >= 52) && (ADC_Value < 78))
  35   1          Temperature = (ADC_Value - 52) / 2.59323 + 20;
  36   1        else if ((ADC_Value >= 78) && (ADC_Value < 104))
  37   1          Temperature = (ADC_Value - 78) / 2.57189 + 30;
  38   1        else if ((ADC_Value >= 104) && (ADC_Value < 127))
  39   1          Temperature = (ADC_Value - 104) / 2.33659 + 40;
  40   1        else if ((ADC_Value >= 127) && (ADC_Value < 156))
  41   1          Temperature = (ADC_Value - 127) / 2.91112 + 50;
  42   1        else if ((ADC_Value >= 156) && (ADC_Value < 181))
  43   1          Temperature = (ADC_Value - 156) / 2.50075 + 60;
  44   1        else if ((ADC_Value >= 181) && (ADC_Value < 208))
  45   1          Temperature = (ADC_Value - 181) / 2.63397 + 70;
  46   1        else if ((ADC_Value >= 208) && (ADC_Value < 231))
  47   1          Temperature = (ADC_Value - 208) / 2.35803 + 80;
  48   1        
  49   1        else if ((ADC_Value >= 231) && (ADC_Value < 255))
  50   1          Temperature = (ADC_Value - 231) / 2.31705 + 90;
  51   1        
  52   1        temp = (unsigned int)(Temperature * 10);
  53   1        Temperature = (double)temp / 10;
  54   1        frac = temp % 10;
C51 COMPILER V9.60.0.0   ADC0804                                                           06/16/2021 17:33:04 PAGE 2   

  55   1      
  56   1        if (frac < 3)
  57   1        {
  58   2          Temperature -= (double)(frac) / 10;
  59   2        }
  60   1        else if ((frac >= 3) && (frac <= 7))
  61   1        {
  62   2          Temperature += (5 - (double)frac) / 10;
  63   2        }
  64   1        else
  65   1        {
  66   2          Temperature += (double)(10 - frac) / 10;
  67   2        }
  68   1        
  69   1        return Temperature;
  70   1      }
  71          


MODULE INFORMATION:   STATIC OVERLAYABLE
   CODE SIZE        =    898    ----
   CONSTANT SIZE    =   ----    ----
   XDATA SIZE       =   ----    ----
   PDATA SIZE       =   ----    ----
   DATA SIZE        =   ----      10
   IDATA SIZE       =   ----    ----
   BIT SIZE         =   ----    ----
END OF MODULE INFORMATION.


C51 COMPILATION COMPLETE.  0 WARNING(S),  0 ERROR(S)
