C51 COMPILER V9.60.0.0   MAIN                                                              07/03/2021 14:35:47 PAGE 1   


C51 COMPILER V9.60.0.0, COMPILATION OF MODULE MAIN
OBJECT MODULE PLACED IN .\Objects\main.obj
COMPILER INVOKED BY: D:\Keil_v5\C51\BIN\C51.EXE main.c OPTIMIZE(8,SPEED) BROWSE DEBUG OBJECTEXTEND PRINT(.\Listings\main
                    -.lst) TABS(2) OBJECT(.\Objects\main.obj)

line level    source

   1          #include "delay.h"
   2          #include "port.h"
   3          #include "LCD1602.h"
   4          #include "ADC0804.h"
   5          #include "HS1101.h"
   6          #include "stdio.h"
   7          
   8          
   9          unsigned int ADC_Value = 0;
  10          unsigned int Frequency = 0;
  11          
  12          double Temperature = 0;
  13          unsigned short Humidity = 0;
  14          
  15          unsigned short data_request = 0;
  16          
  17          unsigned char a[5];
  18          unsigned char buffer[20];
  19          
  20          void uart_init(void);
  21          void send_data(void);
  22          
  23          /*
  24          unsigned int HS1101[101] = {
  25                                      7410, 7392, 7374, 7357, 7340, 7323, 7307, 7290, 7274, 7259, 
  26                                      7243, 7228, 7213, 7198, 7183 ,7169, 7155, 7140, 7127, 7113, 
  27                                      7099, 7086, 7072, 7059, 7046, 7033, 7020, 7007, 6995, 6982, 
  28                                      6969, 6957, 6945, 6932, 6920, 6908, 6896, 6884, 6872, 6860, 
  29                                      6848, 6836, 6824, 6812, 6800, 6788, 6776, 6764, 6752, 6740, 
  30                                      6728, 6716, 6704, 6692, 6680, 6668, 6656, 6643, 6631, 6619, 
  31                                      6606, 6594, 6581, 6568, 6556, 6543, 6530, 6517, 6504, 6491, 
  32                                      6477, 6464, 6450, 6437, 6423, 6409, 6395, 6381, 6367, 6352, 
  33                                      6338, 6323, 6309, 6294, 6279, 6264, 6248, 6233, 6217, 6202, 
  34                                      6186, 6170, 6154, 6137, 6121, 6104, 6087, 6070, 6053, 6036, 6019};
  35          */
  36          
  37          
  38          
  39          void main(void)
  40          {
  41   1        uart_init();
  42   1        TMOD = 0X51;
  43   1        LCD_Init();
  44   1        
  45   1        setCursor(3, 0);
  46   1        printStrg("PROJECT 1");
  47   1        setCursor(2, 1);
  48   1        printStrg("MINH - DUNG");
  49   1        delay(2000);
  50   1        LCD_Clr();
  51   1        
  52   1        
  53   1        while(1)
  54   1        {
C51 COMPILER V9.60.0.0   MAIN                                                              07/03/2021 14:35:47 PAGE 2   

  55   2          
  56   2          LED = 0;
  57   2          setCursor(0, 0);
  58   2          ADC_Value = ADC0804_Read();
  59   2          Temperature = Cal_Temp(ADC_Value);
  60   2          sprintf(a, "%3.1f", Temperature);
  61   2          //sprintf(a, "%3i", ADC_Value);
  62   2          printStrg("Temp: ");
  63   2          printStrg(a);
  64   2          
  65   2          if(Temperature >= 10.0)
  66   2          {
  67   3            printChar(0xDF);
  68   3            printChar('C');
  69   3          }
  70   2          else
  71   2          {
  72   3            setCursor(9, 0);
  73   3            printChar(0xDF);
  74   3            printStrg("C ");
  75   3          }
  76   2          
  77   2          
  78   2          LED = 1;
  79   2          setCursor(0, 1);
  80   2          Frequency = Get_Freq() - 1400;
  81   2          Humidity = Get_Humd(Frequency);
  82   2          printStrg("Humidity: ");
  83   2          sprintf(a, "%3d", Humidity);
  84   2          //sprintf(a, "%5d", Frequency);
  85   2          printStrg(a);
  86   2          printChar('%');
  87   2          
  88   2          if(data_request)
  89   2          {
  90   3            data_request = 0;
  91   3            send_data();
  92   3          }
  93   2          
  94   2          delay(50);
  95   2        } 
  96   1      }
  97          
  98          void uart_init()
  99          {
 100   1        SCON = 0x52;  //Uart mode 1
 101   1        T2CON = 0x30; //Timer 2 autoreload mode
 102   1        //TCLK = 1; 
 103   1        //RCLK = 1;     //choose timer 2 for two transmission lines
 104   1        RCAP2L = -36; //baudrate 9600
 105   1        RCAP2H = 255;
 106   1        TR2 = 1;
 107   1        
 108   1        IE = 0x90;
 109   1      } 
 110          
 111          void comPortInterrupt(void) interrupt 4
 112          {
 113   1        if (RI == 1)
 114   1        {
 115   2          char receivedData = SBUF;
 116   2          IE = 0x00;
C51 COMPILER V9.60.0.0   MAIN                                                              07/03/2021 14:35:47 PAGE 3   

 117   2          if (receivedData == '$')
 118   2          { 
 119   3            data_request = 1;
 120   3          }
 121   2          RI = 0;
 122   2          IE = 0x90;
 123   2        }
 124   1      }
 125          
 126          void send_data(void)
 127          {
 128   1        int buff = 0;   //to store index of buffer
 129   1        
 130   1        buff = sprintf(buffer, "%.1f,", Temperature);
 131   1        sprintf(buffer + buff, "%d\0", Humidity);
 132   1        printf(buffer); 
 133   1      } 
 134          
 135          
 136          
 137          
 138          


MODULE INFORMATION:   STATIC OVERLAYABLE
   CODE SIZE        =    411    ----
   CONSTANT SIZE    =     63    ----
   XDATA SIZE       =   ----    ----
   PDATA SIZE       =   ----    ----
   DATA SIZE        =     37       1
   IDATA SIZE       =   ----    ----
   BIT SIZE         =   ----    ----
END OF MODULE INFORMATION.


C51 COMPILATION COMPLETE.  0 WARNING(S),  0 ERROR(S)
